1713800171940	geckodriver	INFO	Listening on 127.0.0.1:57090
1713800172444	mozrunner::runner	INFO	Running command: MOZ_CRASHREPORTER="1" MOZ_CRASHREPORTER_NO_REPORT="1" MOZ_CRASHREPORTER_SHUTDOWN="1" MOZ_NO_REMOTE="1" "/App ... s" "localhost" "-foreground" "-no-remote" "-profile" "/var/folders/6p/46zpmrn90dv7gnw6wt9jt4z80000gn/T/rust_mozprofileX1NNw7"
console.warn: services.settings: Ignoring preference override of remote settings server
console.warn: services.settings: Allow by setting MOZ_REMOTE_SETTINGS_DEVTOOLS=1 in the environment
1713800173013	Marionette	INFO	Marionette enabled
console.error: "Warning: unrecognized command line flag" "-remote-allow-hosts"
1713800173484	Marionette	INFO	Listening on port 57108
Read port: 57108
WebDriver BiDi listening on ws://127.0.0.1:57091
1713800173694	RemoteAgent	WARN	TLS certificate errors will be ignored for this session
DevTools listening on ws://127.0.0.1:57091/devtools/browser/09d68663-eaaf-4371-b4fc-df7060991430
1713800187639	Marionette	WARN	Ignoring event 'pageshow' because document has an invalid readyState of 'uninitialized'.
1713800191490	Marionette	WARN	Ignoring event 'pageshow' because document has an invalid readyState of 'uninitialized'.
1713800192339	Marionette	WARN	Ignoring event 'pageshow' because document has an invalid readyState of 'uninitialized'.
1713800203293	addons.xpi	ERROR	System addon update list error SyntaxError: XMLHttpRequest.open: 'http://%(server)s/dummy-system-addons.xml' is not a valid URL.
1713800266426	Marionette	WARN	Ignoring event 'pageshow' because document has an invalid readyState of 'uninitialized'.
1713800281567	Marionette	WARN	Ignoring event 'pageshow' because document has an invalid readyState of 'uninitialized'.
console.warn: LoginRecipes: "Falling back to a synchronous message for: https://www.aljazeera.com."
JavaScript error: , line 0: TypeError: NetworkError when attempting to fetch resource.
JavaScript error: , line 0: TypeError: NetworkError when attempting to fetch resource.
JavaScript warning: https://pagead2.googlesyndication.com/bg/tXhR5WxKMkfxhPR3Ieicu84_GDeFDNUHyibK8QhzoCs.js line 2 > eval line 1891 > eval line 1 > eval line 1 > eval, line 1: WEBGL_debug_renderer_info is deprecated in Firefox and will be removed. Please use RENDERER.
JavaScript warning: https://www.aljazeera.com/static/js/react~main~03cc5dce.169cb8f0.chunk.js, line 2: Script terminated by timeout at:
zn@https://www.aljazeera.com/static/js/react~main~03cc5dce.169cb8f0.chunk.js:2:30539
Fn@https://www.aljazeera.com/static/js/react~main~03cc5dce.169cb8f0.chunk.js:2:30071
F+jy/t.unstable_runWithPriority@https://www.aljazeera.com/static/js/react~main~03cc5dce.169cb8f0.chunk.js:2:127240
Pn@https://www.aljazeera.com/static/js/react~main~03cc5dce.169cb8f0.chunk.js:2:29547

1713863613833	Marionette	INFO	Stopped listening on port 57108
