1713546989370	geckodriver	INFO	Listening on 127.0.0.1:58323
1713546989539	mozrunner::runner	INFO	Running command: MOZ_CRASHREPORTER="1" MOZ_CRASHREPORTER_NO_REPORT="1" MOZ_CRASHREPORTER_SHUTDOWN="1" MOZ_NO_REMOTE="1" "/App ... s" "localhost" "-foreground" "-no-remote" "-profile" "/var/folders/6p/46zpmrn90dv7gnw6wt9jt4z80000gn/T/rust_mozprofilei6IZEw"
console.warn: services.settings: Ignoring preference override of remote settings server
console.warn: services.settings: Allow by setting MOZ_REMOTE_SETTINGS_DEVTOOLS=1 in the environment
1713546990227	Marionette	INFO	Marionette enabled
console.error: "Warning: unrecognized command line flag" "-remote-allow-hosts"
1713546990653	Marionette	INFO	Listening on port 58335
WebDriver BiDi listening on ws://127.0.0.1:58324
Read port: 58335
1713546990838	RemoteAgent	WARN	TLS certificate errors will be ignored for this session
DevTools listening on ws://127.0.0.1:58324/devtools/browser/21bb463d-c4ed-412d-b3c2-6bb369af36ac
1713547020346	addons.xpi	ERROR	System addon update list error SyntaxError: XMLHttpRequest.open: 'http://%(server)s/dummy-system-addons.xml' is not a valid URL.
1713547024782	Marionette	WARN	Ignoring event 'pageshow' because document has an invalid readyState of 'uninitialized'.
1713547026219	Marionette	WARN	Ignoring event 'pageshow' because document has an invalid readyState of 'uninitialized'.
1713547098439	Marionette	WARN	Ignoring event 'pageshow' because document has an invalid readyState of 'uninitialized'.
1713547113308	Marionette	WARN	Ignoring event 'pageshow' because document has an invalid readyState of 'uninitialized'.
JavaScript warning: https://pagead2.googlesyndication.com/bg/tXhR5WxKMkfxhPR3Ieicu84_GDeFDNUHyibK8QhzoCs.js line 2 > eval line 354 > eval line 1 > eval line 1 > eval, line 1: WEBGL_debug_renderer_info is deprecated in Firefox and will be removed. Please use RENDERER.
JavaScript error: resource:///modules/sessionstore/SessionStore.sys.mjs, line 3773: TypeError: this._windows[aWindow.__SSi] is undefined
JavaScript warning: https://www.googletagmanager.com/gtag/js?id=UA-1615344-7, line 199: Script terminated by timeout at:
Tl@https://www.googletagmanager.com/gtag/js?id=UA-1615344-7:199:215
yD@https://www.googletagmanager.com/gtag/js?id=UA-1615344-7:401:255
KD@https://www.googletagmanager.com/gtag/js?id=UA-1615344-7:387:49
LD/<@https://www.googletagmanager.com/gtag/js?id=UA-1615344-7:391:411
kl@https://www.googletagmanager.com/gtag/js?id=UA-1615344-7:193:439
xl@https://www.googletagmanager.com/gtag/js?id=UA-1615344-7:196:153
LD@https://www.googletagmanager.com/gtag/js?id=UA-1615344-7:391:397
um@https://www.googletagmanager.com/gtag/js?id=UA-1615344-7:203:298
tm.prototype.flush@https://www.googletagmanager.com/gtag/js?id=UA-1615344-7:206:278
tm.prototype.push@https://www.googletagmanager.com/gtag/js?id=UA-1615344-7:204:207
mm@https://www.googletagmanager.com/gtag/js?id=UA-1615344-7:201:636
event@https://www.googletagmanager.com/gtag/js?id=UA-1615344-7:338:38
Ay@https://www.googletagmanager.com/gtag/js?id=UA-1615344-7:345:477
Ey/b.push@https://www.googletagmanager.com/gtag/js?id=UA-1615344-7:350:315
Ey/b.push@https://www.googletagmanager.com/gtm.js?id=GTM-MJWQ5L2:461:165
Ey/b.push@https://www.googletagmanager.com/gtag/destination?id=G-XN9JB9Q0M1&l=dataLayer&cx=c:469:165
gtag@https://www.aljazeera.com/:56:1351
s@https://www.aljazeera.com/static/js/component~main~748942c6.48ea1ae9.chunk.js:1:156108
08ZB/e/<@https://www.aljazeera.com/static/js/component~main~b07b7304.37cd0222.chunk.js:1:1829
c@https://www.aljazeera.com/static/js/vendor~main~493df0b3.185f0515.chunk.js:2:236674
u/o._invoke</<@https://www.aljazeera.com/static/js/vendor~main~493df0b3.185f0515.chunk.js:2:236428
g/</<@https://www.aljazeera.com/static/js/vendor~main~493df0b3.185f0515.chunk.js:2:237037
n@https://www.aljazeera.com/static/js/vendor~main~9b1fde68.40bc2618.chunk.js:2:188614
u@https://www.aljazeera.com/static/js/vendor~main~9b1fde68.40bc2618.chunk.js:2:188818
o/</<@https://www.aljazeera.com/static/js/vendor~main~9b1fde68.40bc2618.chunk.js:2:188877
o/<@https://www.aljazeera.com/static/js/vendor~main~9b1fde68.40bc2618.chunk.js:2:188757
08ZB/s@https://www.aljazeera.com/static/js/component~main~b07b7304.37cd0222.chunk.js:1:2009
K/<@https://www.aljazeera.com/static/js/vendor~main~493df0b3.185f0515.chunk.js:2:122407
g/<@https://www.aljazeera.com/static/js/vendor~main~493df0b3.185f0515.chunk.js:2:116810
K/</</<@https://www.aljazeera.com/static/js/vendor~main~493df0b3.185f0515.chunk.js:2:121992
t@https://www.aljazeera.com/static/js/vendor~main~493df0b3.185f0515.chunk.js:2:117015

JavaScript warning: https://pagead2.googlesyndication.com/pagead/managed/js/activeview/current/ufs_web_display.js, line 77: Script terminated by timeout at:
n.unsubscribe@https://pagead2.googlesyndication.com/pagead/managed/js/activeview/current/ufs_web_display.js:77:23
n.unsubscribe@https://pagead2.googlesyndication.com/pagead/managed/js/activeview/current/ufs_web_display.js:80:177
n.Ga@https://pagead2.googlesyndication.com/pagead/managed/js/activeview/current/ufs_web_display.js:103:308
Ed.prototype.s@https://pagead2.googlesyndication.com/pagead/managed/js/activeview/current/ufs_web_display.js:92:1316
n.next@https://pagead2.googlesyndication.com/pagead/managed/js/activeview/current/ufs_web_display.js:79:899
sd.prototype.s@https://pagead2.googlesyndication.com/pagead/managed/js/activeview/current/ufs_web_display.js:90:698
n.next@https://pagead2.googlesyndication.com/pagead/managed/js/activeview/current/ufs_web_display.js:79:899
sd.prototype.s@https://pagead2.googlesyndication.com/pagead/managed/js/activeview/current/ufs_web_display.js:90:698
n.next@https://pagead2.googlesyndication.com/pagead/managed/js/activeview/current/ufs_web_display.js:79:899
yi/c/</</<@https://pagead2.googlesyndication.com/pagead/managed/js/activeview/current/ufs_web_display.js:155:320
Va@https://pagead2.googlesyndication.com/pagead/managed/js/activeview/current/ufs_web_display.js:47:339
Sa.prototype.flush@https://pagead2.googlesyndication.com/pagead/managed/js/activeview/current/ufs_web_display.js:47:127
Ua@https://pagead2.googlesyndication.com/pagead/managed/js/activeview/current/ufs_web_display.js:46:466
yi/c/</<@https://pagead2.googlesyndication.com/pagead/managed/js/activeview/current/ufs_web_display.js:155:292
n.next@https://pagead2.googlesyndication.com/pagead/managed/js/activeview/current/ufs_web_display.js:81:424
n.s@https://pagead2.googlesyndication.com/pagead/managed/js/activeview/current/ufs_web_display.js:80:223
n.next@https://pagead2.googlesyndication.com/pagead/managed/js/activeview/current/ufs_web_display.js:79:899
yh/</</</<@https://pagead2.googlesyndication.com/pagead/managed/js/activeview/current/ufs_web_display.js:138:516
Ra.prototype.bc/<@https://pagead2.googlesyndication.com/pagead/managed/js/activeview/current/ufs_web_display.js:46:298
yh/</</<@https://pagead2.googlesyndication.com/pagead/managed/js/activeview/current/ufs_web_display.js:138:525
n.next@https://pagead2.googlesyndication.com/pagead/managed/js/activeview/current/ufs_web_display.js:81:424
n.s@https://pagead2.googlesyndication.com/pagead/managed/js/activeview/current/ufs_web_display.js:80:223
n.next@https://pagead2.googlesyndication.com/pagead/managed/js/activeview/current/ufs_web_display.js:79:899
yh/</</</<@https://pagead2.googlesyndication.com/pagead/managed/js/activeview/current/ufs_web_display.js:138:516
Ra.prototype.bc/<@https://pagead2.googlesyndication.com/pagead/managed/js/activeview/current/ufs_web_display.js:46:298
yh/</</<@https://pagead2.googlesyndication.com/pagead/managed/js/activeview/current/ufs_web_display.js:138:525
n.next@https://pagead2.googlesyndication.com/pagead/managed/js/activeview/current/ufs_web_display.js:81:424
n.s@https://pagead2.googlesyndication.com/pagead/managed/js/activeview/current/ufs_web_display.js:80:223
n.next@https://pagead2.googlesyndication.com/pagead/managed/js/activeview/current/ufs_web_display.js:79:899
Xd/</<@https://pagead2.googlesyndication.com/pagead/managed/js/activeview/current/ufs_web_display.js:98:672

JavaScript error: , line 0: TypeError: NetworkError when attempting to fetch resource.
JavaScript warning: https://ads.pubmatic.com/AdServer/js/user_sync.html?p=137711&s=137812&predirect=https%3A%2F%2Fce.lijit.com%2Fmerge%3Fpid%3D58%263pid%3D&gdpr=0&gdpr_consent=, line 1: Script terminated by timeout at:
J@https://ads.pubmatic.com/AdServer/js/user_sync.html?p=137711&s=137812&predirect=https%3A%2F%2Fce.lijit.com%2Fmerge%3Fpid%3D58%263pid%3D&gdpr=0&gdpr_consent=:1:14165
x@https://ads.pubmatic.com/AdServer/js/user_sync.html?p=137711&s=137812&predirect=https%3A%2F%2Fce.lijit.com%2Fmerge%3Fpid%3D58%263pid%3D&gdpr=0&gdpr_consent=:1:11098

1713559053172	Marionette	INFO	Stopped listening on port 58335
console.warn: TopSitesFeed: Failed to fetch data from Contile server: NetworkError when attempting to fetch resource.
console.error: "Failed to fetch https://spocs.getpocket.com/user:" "NetworkError when attempting to fetch resource."
