1713804566330	geckodriver	INFO	Listening on 127.0.0.1:50157
1713804566844	mozrunner::runner	INFO	Running command: MOZ_CRASHREPORTER="1" MOZ_CRASHREPORTER_NO_REPORT="1" MOZ_CRASHREPORTER_SHUTDOWN="1" MOZ_NO_REMOTE="1" "/App ... s" "localhost" "-foreground" "-no-remote" "-profile" "/var/folders/6p/46zpmrn90dv7gnw6wt9jt4z80000gn/T/rust_mozprofileUO5Nn2"
console.warn: services.settings: Ignoring preference override of remote settings server
console.warn: services.settings: Allow by setting MOZ_REMOTE_SETTINGS_DEVTOOLS=1 in the environment
1713804567778	Marionette	INFO	Marionette enabled
console.error: "Warning: unrecognized command line flag" "-remote-allow-hosts"
1713804568576	Marionette	INFO	Listening on port 50180
Read port: 50180
WebDriver BiDi listening on ws://127.0.0.1:50158
1713804568975	RemoteAgent	WARN	TLS certificate errors will be ignored for this session
DevTools listening on ws://127.0.0.1:50158/devtools/browser/ef78635c-5278-438f-b5a4-430aa9683d25
1713804597805	addons.xpi	ERROR	System addon update list error SyntaxError: XMLHttpRequest.open: 'http://%(server)s/dummy-system-addons.xml' is not a valid URL.
console.warn: LoginRecipes: "Falling back to a synchronous message for: https://www.aljazeera.com."
JavaScript error: , line 0: TypeError: NetworkError when attempting to fetch resource.
JavaScript error: , line 0: TypeError: NetworkError when attempting to fetch resource.
1713804632193	Marionette	WARN	Ignoring event 'pageshow' because document has an invalid readyState of 'uninitialized'.
JavaScript warning: https://pagead2.googlesyndication.com/bg/tXhR5WxKMkfxhPR3Ieicu84_GDeFDNUHyibK8QhzoCs.js line 2 > eval line 2767 > eval line 1 > eval line 1 > eval, line 1: WEBGL_debug_renderer_info is deprecated in Firefox and will be removed. Please use RENDERER.
1713804648962	Marionette	INFO	Stopped listening on port 50180
JavaScript warning: https://www.gstatic.com/recaptcha/releases/QoukH5jSO3sKFzVEA7Vc8VgC/recaptcha__en.js, line 619: Script terminated by timeout at:
X@https://www.gstatic.com/recaptcha/releases/QoukH5jSO3sKFzVEA7Vc8VgC/recaptcha__en.js:619:318

