1713798820097	geckodriver	INFO	Listening on 127.0.0.1:65334
1713798820608	mozrunner::runner	INFO	Running command: MOZ_CRASHREPORTER="1" MOZ_CRASHREPORTER_NO_REPORT="1" MOZ_CRASHREPORTER_SHUTDOWN="1" MOZ_NO_REMOTE="1" "/App ... s" "localhost" "-foreground" "-no-remote" "-profile" "/var/folders/6p/46zpmrn90dv7gnw6wt9jt4z80000gn/T/rust_mozprofileYySfIJ"
console.warn: services.settings: Ignoring preference override of remote settings server
console.warn: services.settings: Allow by setting MOZ_REMOTE_SETTINGS_DEVTOOLS=1 in the environment
1713798821338	Marionette	INFO	Marionette enabled
console.error: "Warning: unrecognized command line flag" "-remote-allow-hosts"
1713798821848	Marionette	INFO	Listening on port 65348
WebDriver BiDi listening on ws://127.0.0.1:65335
Read port: 65348
1713798822198	RemoteAgent	WARN	TLS certificate errors will be ignored for this session
DevTools listening on ws://127.0.0.1:65335/devtools/browser/4ca40ca6-d25a-46a3-a959-b5c5b386c07a
console.warn: LoginRecipes: "Falling back to a synchronous message for: https://www.aljazeera.com."
JavaScript error: , line 0: TypeError: NetworkError when attempting to fetch resource.
JavaScript warning: https://pagead2.googlesyndication.com/bg/tXhR5WxKMkfxhPR3Ieicu84_GDeFDNUHyibK8QhzoCs.js line 2 > eval line 1937 > eval line 1 > eval line 1 > eval, line 1: WEBGL_debug_renderer_info is deprecated in Firefox and will be removed. Please use RENDERER.
1713798851366	addons.xpi	ERROR	System addon update list error SyntaxError: XMLHttpRequest.open: 'http://%(server)s/dummy-system-addons.xml' is not a valid URL.
1713798861168	Marionette	INFO	Stopped listening on port 65348
JavaScript warning: https://www.gstatic.com/recaptcha/releases/QoukH5jSO3sKFzVEA7Vc8VgC/recaptcha__en.js, line 1194: Script terminated by timeout at:
@https://www.gstatic.com/recaptcha/releases/QoukH5jSO3sKFzVEA7Vc8VgC/recaptcha__en.js:1194:101

JavaScript warning: https://www.gstatic.com/recaptcha/releases/QoukH5jSO3sKFzVEA7Vc8VgC/recaptcha__en.js, line 619: Script terminated by timeout at:
X@https://www.gstatic.com/recaptcha/releases/QoukH5jSO3sKFzVEA7Vc8VgC/recaptcha__en.js:619:318

