1713797851681	geckodriver	INFO	Listening on 127.0.0.1:60003
1713797852178	mozrunner::runner	INFO	Running command: MOZ_CRASHREPORTER="1" MOZ_CRASHREPORTER_NO_REPORT="1" MOZ_CRASHREPORTER_SHUTDOWN="1" MOZ_NO_REMOTE="1" "/App ... s" "localhost" "-foreground" "-no-remote" "-profile" "/var/folders/6p/46zpmrn90dv7gnw6wt9jt4z80000gn/T/rust_mozprofilenA3XEX"
console.warn: services.settings: Ignoring preference override of remote settings server
console.warn: services.settings: Allow by setting MOZ_REMOTE_SETTINGS_DEVTOOLS=1 in the environment
1713797852978	Marionette	INFO	Marionette enabled
console.error: "Warning: unrecognized command line flag" "-remote-allow-hosts"
1713797853682	Marionette	INFO	Listening on port 60049
Read port: 60049
WebDriver BiDi listening on ws://127.0.0.1:60004
1713797853873	RemoteAgent	WARN	TLS certificate errors will be ignored for this session
DevTools listening on ws://127.0.0.1:60004/devtools/browser/610e8ec0-ecfc-47ac-a7ae-7a9e003e9032
1713797865957	Marionette	WARN	Ignoring event 'pageshow' because document has an invalid readyState of 'uninitialized'.
1713797876566	Marionette	WARN	Ignoring event 'pageshow' because document has an invalid readyState of 'uninitialized'.
1713797876572	Marionette	WARN	Ignoring event 'pageshow' because document has an invalid readyState of 'uninitialized'.
1713797876575	Marionette	WARN	Ignoring event 'pageshow' because document has an invalid readyState of 'uninitialized'.
1713797883056	addons.xpi	ERROR	System addon update list error SyntaxError: XMLHttpRequest.open: 'http://%(server)s/dummy-system-addons.xml' is not a valid URL.
1713797948502	Marionette	WARN	Ignoring event 'pageshow' because document has an invalid readyState of 'uninitialized'.
1713797963923	Marionette	WARN	Ignoring event 'pageshow' because document has an invalid readyState of 'uninitialized'.
console.warn: LoginRecipes: "Falling back to a synchronous message for: https://www.aljazeera.com."
JavaScript error: , line 0: TypeError: NetworkError when attempting to fetch resource.
JavaScript warning: https://pagead2.googlesyndication.com/bg/tXhR5WxKMkfxhPR3Ieicu84_GDeFDNUHyibK8QhzoCs.js line 2 > eval line 2321 > eval line 1 > eval line 1 > eval, line 1: WEBGL_debug_renderer_info is deprecated in Firefox and will be removed. Please use RENDERER.
1713797985553	Marionette	INFO	Stopped listening on port 60049
JavaScript warning: https://www.gstatic.com/recaptcha/releases/rz4DvU-cY2JYCwHSTck0_qm-/recaptcha__en.js, line 1020: Script terminated by timeout at:
@https://www.gstatic.com/recaptcha/releases/rz4DvU-cY2JYCwHSTck0_qm-/recaptcha__en.js:1020:471

