1713779705473	geckodriver	INFO	Listening on 127.0.0.1:59290
1713779705983	mozrunner::runner	INFO	Running command: MOZ_CRASHREPORTER="1" MOZ_CRASHREPORTER_NO_REPORT="1" MOZ_CRASHREPORTER_SHUTDOWN="1" MOZ_NO_REMOTE="1" "/App ... s" "localhost" "-foreground" "-no-remote" "-profile" "/var/folders/6p/46zpmrn90dv7gnw6wt9jt4z80000gn/T/rust_mozprofilevNFFeC"
console.warn: services.settings: Ignoring preference override of remote settings server
console.warn: services.settings: Allow by setting MOZ_REMOTE_SETTINGS_DEVTOOLS=1 in the environment
1713779706757	Marionette	INFO	Marionette enabled
console.error: "Warning: unrecognized command line flag" "-remote-allow-hosts"
1713779707483	Marionette	INFO	Listening on port 59308
Read port: 59308
WebDriver BiDi listening on ws://127.0.0.1:59291
1713779707648	RemoteAgent	WARN	TLS certificate errors will be ignored for this session
DevTools listening on ws://127.0.0.1:59291/devtools/browser/8bbc9ec2-2dbe-4fc4-a04f-599546ae11f2
1713779731913	Marionette	WARN	Ignoring event 'pageshow' because document has an invalid readyState of 'uninitialized'.
1713779732316	Marionette	WARN	Ignoring event 'pageshow' because document has an invalid readyState of 'uninitialized'.
1713779734870	Marionette	WARN	Ignoring event 'pageshow' because document has an invalid readyState of 'uninitialized'.
1713779736790	addons.xpi	ERROR	System addon update list error SyntaxError: XMLHttpRequest.open: 'http://%(server)s/dummy-system-addons.xml' is not a valid URL.
1713779737114	Marionette	WARN	Ignoring event 'pageshow' because document has an invalid readyState of 'uninitialized'.
1713779806453	Marionette	WARN	Ignoring event 'pageshow' because document has an invalid readyState of 'uninitialized'.
1713779806951	Marionette	WARN	Ignoring event 'pageshow' because document has an invalid readyState of 'uninitialized'.
1713779812078	Marionette	WARN	Ignoring event 'pageshow' because document has an invalid readyState of 'uninitialized'.
1713779822332	Marionette	WARN	Ignoring event 'pageshow' because document has an invalid readyState of 'uninitialized'.
1713779822335	Marionette	WARN	Ignoring event 'pageshow' because document has an invalid readyState of 'uninitialized'.
console.warn: LoginRecipes: "Falling back to a synchronous message for: https://www.aljazeera.com."
JavaScript error: , line 0: TypeError: NetworkError when attempting to fetch resource.
JavaScript error: , line 0: TypeError: NetworkError when attempting to fetch resource.
1713779824324	Marionette	WARN	Ignoring event 'pageshow' because document has an invalid readyState of 'uninitialized'.
JavaScript warning: https://pagead2.googlesyndication.com/bg/tXhR5WxKMkfxhPR3Ieicu84_GDeFDNUHyibK8QhzoCs.js line 2 > eval line 3554 > eval line 1 > eval line 1 > eval, line 1: WEBGL_debug_renderer_info is deprecated in Firefox and will be removed. Please use RENDERER.
1713779825339	Marionette	WARN	Ignoring event 'pageshow' because document has an invalid readyState of 'uninitialized'.
1713779827407	Marionette	WARN	Ignoring event 'pageshow' because document has an invalid readyState of 'uninitialized'.
1713779849797	Marionette	INFO	Stopped listening on port 59308
JavaScript warning: https://contextual.media.net/checksync.php?vsSync=1&cs=8&cv=31&https=1&cid=8CUJ8GUQF&prvid=233%2C157%2C2027%2C159%2C2026%2C236%2C357%2C237%2C556%2C117%2C359%2C97%2C55%2C99%2C56%2C59%2C3012%2C3010%2C201%2C246%2C4%2C521%2C126%2C203%2C446%2C326%2C404%2C9%2C2099%2C173%2C294%2C251%2C175%2C450%2C3017%2C214%2C3016%2C337%2C338%2C459%2C339%2C77%2C38%2C261%2C262%2C461%2C584%2C222%2C542%2C345%2C226%2C468%2C10000%2C80%2C108%2C229%2C109%2C307%2C82&itype=PREBID&purpose1=1&gdprconsent=1&gdpr=0&coppa=0&usp_status=0&usp_consent=1, line 3: Script terminated by timeout at:
w@https://contextual.media.net/checksync.php?vsSync=1&cs=8&cv=31&https=1&cid=8CUJ8GUQF&prvid=233%2C157%2C2027%2C159%2C2026%2C236%2C357%2C237%2C556%2C117%2C359%2C97%2C55%2C99%2C56%2C59%2C3012%2C3010%2C201%2C246%2C4%2C521%2C126%2C203%2C446%2C326%2C404%2C9%2C2099%2C173%2C294%2C251%2C175%2C450%2C3017%2C214%2C3016%2C337%2C338%2C459%2C339%2C77%2C38%2C261%2C262%2C461%2C584%2C222%2C542%2C345%2C226%2C468%2C10000%2C80%2C108%2C229%2C109%2C307%2C82&itype=PREBID&purpose1=1&gdprconsent=1&gdpr=0&coppa=0&usp_status=0&usp_consent=1:3:2073
s/this.markCookiesSet/<@https://contextual.media.net/checksync.php?vsSync=1&cs=8&cv=31&https=1&cid=8CUJ8GUQF&prvid=233%2C157%2C2027%2C159%2C2026%2C236%2C357%2C237%2C556%2C117%2C359%2C97%2C55%2C99%2C56%2C59%2C3012%2C3010%2C201%2C246%2C4%2C521%2C126%2C203%2C446%2C326%2C404%2C9%2C2099%2C173%2C294%2C251%2C175%2C450%2C3017%2C214%2C3016%2C337%2C338%2C459%2C339%2C77%2C38%2C261%2C262%2C461%2C584%2C222%2C542%2C345%2C226%2C468%2C10000%2C80%2C108%2C229%2C109%2C307%2C82&itype=PREBID&purpose1=1&gdprconsent=1&gdpr=0&coppa=0&usp_status=0&usp_consent=1:3:21274
g@https://contextual.media.net/checksync.php?vsSync=1&cs=8&cv=31&https=1&cid=8CUJ8GUQF&prvid=233%2C157%2C2027%2C159%2C2026%2C236%2C357%2C237%2C556%2C117%2C359%2C97%2C55%2C99%2C56%2C59%2C3012%2C3010%2C201%2C246%2C4%2C521%2C126%2C203%2C446%2C326%2C404%2C9%2C2099%2C173%2C294%2C251%2C175%2C450%2C3017%2C214%2C3016%2C337%2C338%2C459%2C339%2C77%2C38%2C261%2C262%2C461%2C584%2C222%2C542%2C345%2C226%2C468%2C10000%2C80%2C108%2C229%2C109%2C307%2C82&itype=PREBID&purpose1=1&gdprconsent=1&gdpr=0&coppa=0&usp_status=0&usp_consent=1:3:1386
s/this.markCookiesSet@https://contextual.media.net/checksync.php?vsSync=1&cs=8&cv=31&https=1&cid=8CUJ8GUQF&prvid=233%2C157%2C2027%2C159%2C2026%2C236%2C357%2C237%2C556%2C117%2C359%2C97%2C55%2C99%2C56%2C59%2C3012%2C3010%2C201%2C246%2C4%2C521%2C126%2C203%2C446%2C326%2C404%2C9%2C2099%2C173%2C294%2C251%2C175%2C450%2C3017%2C214%2C3016%2C337%2C338%2C459%2C339%2C77%2C38%2C261%2C262%2C461%2C584%2C222%2C542%2C345%2C226%2C468%2C10000%2C80%2C108%2C229%2C109%2C307%2C82&itype=PREBID&purpose1=1&gdprconsent=1&gdpr=0&coppa=0&usp_status=0&usp_consent=1:3:21208
t/l<@https://contextual.media.net/checksync.php?vsSync=1&cs=8&cv=31&https=1&cid=8CUJ8GUQF&prvid=233%2C157%2C2027%2C159%2C2026%2C236%2C357%2C237%2C556%2C117%2C359%2C97%2C55%2C99%2C56%2C59%2C3012%2C3010%2C201%2C246%2C4%2C521%2C126%2C203%2C446%2C326%2C404%2C9%2C2099%2C173%2C294%2C251%2C175%2C450%2C3017%2C214%2C3016%2C337%2C338%2C459%2C339%2C77%2C38%2C261%2C262%2C461%2C584%2C222%2C542%2C345%2C226%2C468%2C10000%2C80%2C108%2C229%2C109%2C307%2C82&itype=PREBID&purpose1=1&gdprconsent=1&gdpr=0&coppa=0&usp_status=0&usp_consent=1:3:19911

JavaScript warning: https://www.gstatic.com/recaptcha/releases/rz4DvU-cY2JYCwHSTck0_qm-/recaptcha__en.js, line 1020: Script terminated by timeout at:
@https://www.gstatic.com/recaptcha/releases/rz4DvU-cY2JYCwHSTck0_qm-/recaptcha__en.js:1020:471

JavaScript error: , line 0: TypeError: NetworkError when attempting to fetch resource.
JavaScript error: , line 0: TypeError: NetworkError when attempting to fetch resource.
