1713800390590	geckodriver	INFO	Listening on 127.0.0.1:58604
1713800391102	mozrunner::runner	INFO	Running command: MOZ_CRASHREPORTER="1" MOZ_CRASHREPORTER_NO_REPORT="1" MOZ_CRASHREPORTER_SHUTDOWN="1" MOZ_NO_REMOTE="1" "/App ... s" "localhost" "-foreground" "-no-remote" "-profile" "/var/folders/6p/46zpmrn90dv7gnw6wt9jt4z80000gn/T/rust_mozprofileff7t3o"
console.warn: services.settings: Ignoring preference override of remote settings server
console.warn: services.settings: Allow by setting MOZ_REMOTE_SETTINGS_DEVTOOLS=1 in the environment
1713800391789	Marionette	INFO	Marionette enabled
console.error: "Warning: unrecognized command line flag" "-remote-allow-hosts"
1713800392382	Marionette	INFO	Listening on port 58626
Read port: 58626
WebDriver BiDi listening on ws://127.0.0.1:58605
1713800392787	RemoteAgent	WARN	TLS certificate errors will be ignored for this session
DevTools listening on ws://127.0.0.1:58605/devtools/browser/008c5cb7-f60d-4897-8ef6-00d3c5de920c
1713800416189	Marionette	WARN	Ignoring event 'pageshow' because document has an invalid readyState of 'uninitialized'.
1713800416193	Marionette	WARN	Ignoring event 'pageshow' because document has an invalid readyState of 'uninitialized'.
1713800416351	Marionette	WARN	Ignoring event 'pageshow' because document has an invalid readyState of 'uninitialized'.
1713800421807	addons.xpi	ERROR	System addon update list error SyntaxError: XMLHttpRequest.open: 'http://%(server)s/dummy-system-addons.xml' is not a valid URL.
1713800488195	Marionette	WARN	Ignoring event 'pageshow' because document has an invalid readyState of 'uninitialized'.
1713800504171	Marionette	WARN	Ignoring event 'pageshow' because document has an invalid readyState of 'uninitialized'.
console.warn: LoginRecipes: "Falling back to a synchronous message for: https://www.aljazeera.com."
JavaScript error: , line 0: TypeError: NetworkError when attempting to fetch resource.
JavaScript error: , line 0: TypeError: NetworkError when attempting to fetch resource.
JavaScript warning: https://pagead2.googlesyndication.com/bg/tXhR5WxKMkfxhPR3Ieicu84_GDeFDNUHyibK8QhzoCs.js line 2 > eval line 735 > eval line 1 > eval line 1 > eval, line 1: WEBGL_debug_renderer_info is deprecated in Firefox and will be removed. Please use RENDERER.
JavaScript warning: https://www.aljazeera.com/static/js/react~main~03cc5dce.169cb8f0.chunk.js, line 2: Script terminated by timeout at:
Rt@https://www.aljazeera.com/static/js/react~main~03cc5dce.169cb8f0.chunk.js:2:20711
n@https://www.aljazeera.com/static/js/react~main~03cc5dce.169cb8f0.chunk.js:2:22236
n@https://www.aljazeera.com/static/js/react~main~03cc5dce.169cb8f0.chunk.js:2:22236
Lt@https://www.aljazeera.com/static/js/react~main~03cc5dce.169cb8f0.chunk.js:2:21047
extractEvents@https://www.aljazeera.com/static/js/react~main~03cc5dce.169cb8f0.chunk.js:2:28602
En@https://www.aljazeera.com/static/js/react~main~03cc5dce.169cb8f0.chunk.js:2:29171
ce@https://www.aljazeera.com/static/js/react~main~03cc5dce.169cb8f0.chunk.js:2:115252
Nn@https://www.aljazeera.com/static/js/react~main~03cc5dce.169cb8f0.chunk.js:2:29826
zn@https://www.aljazeera.com/static/js/react~main~03cc5dce.169cb8f0.chunk.js:2:30783
Fn@https://www.aljazeera.com/static/js/react~main~03cc5dce.169cb8f0.chunk.js:2:30071
F+jy/t.unstable_runWithPriority@https://www.aljazeera.com/static/js/react~main~03cc5dce.169cb8f0.chunk.js:2:127240
Pn@https://www.aljazeera.com/static/js/react~main~03cc5dce.169cb8f0.chunk.js:2:29547

1713863609822	Marionette	INFO	Stopped listening on port 58626
