1713547169201	geckodriver	INFO	Listening on 127.0.0.1:58902
1713547169710	mozrunner::runner	INFO	Running command: MOZ_CRASHREPORTER="1" MOZ_CRASHREPORTER_NO_REPORT="1" MOZ_CRASHREPORTER_SHUTDOWN="1" MOZ_NO_REMOTE="1" "/App ... s" "localhost" "-foreground" "-no-remote" "-profile" "/var/folders/6p/46zpmrn90dv7gnw6wt9jt4z80000gn/T/rust_mozprofileHYVbst"
console.warn: services.settings: Ignoring preference override of remote settings server
console.warn: services.settings: Allow by setting MOZ_REMOTE_SETTINGS_DEVTOOLS=1 in the environment
1713547170068	Marionette	INFO	Marionette enabled
console.error: "Warning: unrecognized command line flag" "-remote-allow-hosts"
1713547170394	Marionette	INFO	Listening on port 58908
WebDriver BiDi listening on ws://127.0.0.1:58903
Read port: 58908
1713547170577	RemoteAgent	WARN	TLS certificate errors will be ignored for this session
DevTools listening on ws://127.0.0.1:58903/devtools/browser/8af15d15-30e5-4f45-a9d9-0c89c3b46816
JavaScript error: https://assets.a-mo.net/js/cframe.js#gdpr=0&gdpr_consent=&cc=ZM, line 1: SecurityError: Permission denied to access property "localStorage" on cross-origin object
JavaScript error: https://assets.a-mo.net/js/cframe.js#gdpr=0&gdpr_consent=&cc=ZM, line 1: SecurityError: Permission denied to access property "localStorage" on cross-origin object
JavaScript error: https://assets.a-mo.net/js/cframe.js#gdpr=0&gdpr_consent=&cc=ZM, line 1: SecurityError: Permission denied to access property "localStorage" on cross-origin object
1713547187951	Marionette	WARN	Ignoring event 'pageshow' because document has an invalid readyState of 'uninitialized'.
JavaScript error: https://vid.vidoomy.com/sync?gdpr=&gdpr_consent=&us_privacy={{US_PRIVACY}}&redirect=https%3A%2F%2Fssp.api.tappx.com%2Fcs%2Fusync%3Fidmn%3D380%26type%3Diframe%26id%3D%7B%7BVID%7D%7D%26auxuid%3D, line 4: TypeError: (destructured parameter) is undefined
1713547188660	Marionette	WARN	Ignoring event 'pageshow' because document has an invalid readyState of 'uninitialized'.
1713547188855	Marionette	WARN	Ignoring event 'pageshow' because document has an invalid readyState of 'uninitialized'.
1713547188857	Marionette	WARN	Ignoring event 'pageshow' because document has an invalid readyState of 'uninitialized'.
1713547200095	addons.xpi	ERROR	System addon update list error SyntaxError: XMLHttpRequest.open: 'http://%(server)s/dummy-system-addons.xml' is not a valid URL.
1713547261326	Marionette	WARN	Ignoring event 'pageshow' because document has an invalid readyState of 'uninitialized'.
1713547276893	Marionette	WARN	Ignoring event 'pageshow' because document has an invalid readyState of 'uninitialized'.
JavaScript warning: https://pagead2.googlesyndication.com/bg/tXhR5WxKMkfxhPR3Ieicu84_GDeFDNUHyibK8QhzoCs.js line 2 > eval line 5733 > eval line 1 > eval line 1 > eval, line 1: WEBGL_debug_renderer_info is deprecated in Firefox and will be removed. Please use RENDERER.
JavaScript warning: https://vid.vidoomy.com/sync?gdpr=&gdpr_consent=&us_privacy={{US_PRIVACY}}&redirect=https%3A%2F%2Fssp.api.tappx.com%2Fcs%2Fusync%3Fidmn%3D380%26type%3Diframe%26id%3D%7B%7BVID%7D%7D%26auxuid%3D, line 4: Script terminated by timeout at:
i@https://vid.vidoomy.com/sync?gdpr=&gdpr_consent=&us_privacy={{US_PRIVACY}}&redirect=https%3A%2F%2Fssp.api.tappx.com%2Fcs%2Fusync%3Fidmn%3D380%26type%3Diframe%26id%3D%7B%7BVID%7D%7D%26auxuid%3D:4:5711

JavaScript warning: https://www.aljazeera.com/static/js/react~main~03cc5dce.169cb8f0.chunk.js, line 2: Script terminated by timeout at:
Pn@https://www.aljazeera.com/static/js/react~main~03cc5dce.169cb8f0.chunk.js:2:29545

1713547412455	Marionette	INFO	Stopped listening on port 58908
JavaScript error: , line 0: TypeError: NetworkError when attempting to fetch resource.
JavaScript error: , line 0: TypeError: NetworkError when attempting to fetch resource.
