1713571235334	geckodriver	INFO	Listening on 127.0.0.1:60345
1713571235845	mozrunner::runner	INFO	Running command: MOZ_CRASHREPORTER="1" MOZ_CRASHREPORTER_NO_REPORT="1" MOZ_CRASHREPORTER_SHUTDOWN="1" MOZ_NO_REMOTE="1" "/App ... s" "localhost" "-foreground" "-no-remote" "-profile" "/var/folders/6p/46zpmrn90dv7gnw6wt9jt4z80000gn/T/rust_mozprofile7jyPxu"
console.warn: services.settings: Ignoring preference override of remote settings server
console.warn: services.settings: Allow by setting MOZ_REMOTE_SETTINGS_DEVTOOLS=1 in the environment
1713571236651	Marionette	INFO	Marionette enabled
console.error: "Warning: unrecognized command line flag" "-remote-allow-hosts"
1713571237260	Marionette	INFO	Listening on port 60375
Read port: 60375
WebDriver BiDi listening on ws://127.0.0.1:60346
1713571237544	RemoteAgent	WARN	TLS certificate errors will be ignored for this session
DevTools listening on ws://127.0.0.1:60346/devtools/browser/6500dc49-e472-4d48-9eb4-d3a06ad3dc00
1713571246608	Marionette	WARN	Ignoring event 'pageshow' because document has an invalid readyState of 'uninitialized'.
1713571255107	Marionette	WARN	Ignoring event 'pageshow' because document has an invalid readyState of 'uninitialized'.
1713571266747	addons.xpi	ERROR	System addon update list error SyntaxError: XMLHttpRequest.open: 'http://%(server)s/dummy-system-addons.xml' is not a valid URL.
1713571327646	Marionette	WARN	Ignoring event 'pageshow' because document has an invalid readyState of 'uninitialized'.
1713571342837	Marionette	WARN	Ignoring event 'pageshow' because document has an invalid readyState of 'uninitialized'.
console.warn: LoginRecipes: "Falling back to a synchronous message for: https://www.aljazeera.com."
JavaScript error: , line 0: TypeError: NetworkError when attempting to fetch resource.
JavaScript warning: https://pagead2.googlesyndication.com/bg/tXhR5WxKMkfxhPR3Ieicu84_GDeFDNUHyibK8QhzoCs.js line 2 > eval line 6954 > eval line 1 > eval line 1 > eval, line 1: WEBGL_debug_renderer_info is deprecated in Firefox and will be removed. Please use RENDERER.
1713773403269	addons.xpi	ERROR	System addon update list error SyntaxError: XMLHttpRequest.open: 'http://%(server)s/dummy-system-addons.xml' is not a valid URL.
JavaScript warning: https://www.aljazeera.com/static/js/react~main~03cc5dce.169cb8f0.chunk.js, line 2: Script terminated by timeout at:
zn@https://www.aljazeera.com/static/js/react~main~03cc5dce.169cb8f0.chunk.js:2:30539
Fn@https://www.aljazeera.com/static/js/react~main~03cc5dce.169cb8f0.chunk.js:2:30071
F+jy/t.unstable_runWithPriority@https://www.aljazeera.com/static/js/react~main~03cc5dce.169cb8f0.chunk.js:2:127240
Pn@https://www.aljazeera.com/static/js/react~main~03cc5dce.169cb8f0.chunk.js:2:29547

1713778815972	Marionette	INFO	Stopped listening on port 60375
