1713807015839	geckodriver	INFO	Listening on 127.0.0.1:62076
1713807016329	mozrunner::runner	INFO	Running command: MOZ_CRASHREPORTER="1" MOZ_CRASHREPORTER_NO_REPORT="1" MOZ_CRASHREPORTER_SHUTDOWN="1" MOZ_NO_REMOTE="1" "/App ... s" "localhost" "-foreground" "-no-remote" "-profile" "/var/folders/6p/46zpmrn90dv7gnw6wt9jt4z80000gn/T/rust_mozprofileIRwjm6"
console.warn: services.settings: Ignoring preference override of remote settings server
console.warn: services.settings: Allow by setting MOZ_REMOTE_SETTINGS_DEVTOOLS=1 in the environment
1713807017161	Marionette	INFO	Marionette enabled
console.error: "Warning: unrecognized command line flag" "-remote-allow-hosts"
1713807018450	Marionette	INFO	Listening on port 62101
Read port: 62101
WebDriver BiDi listening on ws://127.0.0.1:62077
1713807018890	RemoteAgent	WARN	TLS certificate errors will be ignored for this session
DevTools listening on ws://127.0.0.1:62077/devtools/browser/ce71c620-1248-47df-99be-88450dbcc40a
1713807039766	Marionette	WARN	Ignoring event 'pageshow' because document has an invalid readyState of 'uninitialized'.
1713807039973	Marionette	WARN	Ignoring event 'pageshow' because document has an invalid readyState of 'uninitialized'.
1713807040897	Marionette	WARN	Ignoring event 'pageshow' because document has an invalid readyState of 'uninitialized'.
1713807042994	Marionette	WARN	Ignoring event 'pageshow' because document has an invalid readyState of 'uninitialized'.
1713807047202	addons.xpi	ERROR	System addon update list error SyntaxError: XMLHttpRequest.open: 'http://%(server)s/dummy-system-addons.xml' is not a valid URL.
1713807114650	Marionette	WARN	Ignoring event 'pageshow' because document has an invalid readyState of 'uninitialized'.
1713807129785	Marionette	WARN	Ignoring event 'pageshow' because document has an invalid readyState of 'uninitialized'.
console.warn: LoginRecipes: "Falling back to a synchronous message for: https://www.aljazeera.com."
JavaScript error: , line 0: TypeError: NetworkError when attempting to fetch resource.
JavaScript error: , line 0: TypeError: NetworkError when attempting to fetch resource.
JavaScript warning: https://pagead2.googlesyndication.com/bg/tXhR5WxKMkfxhPR3Ieicu84_GDeFDNUHyibK8QhzoCs.js line 2 > eval line 1230 > eval line 1 > eval line 1 > eval, line 1: WEBGL_debug_renderer_info is deprecated in Firefox and will be removed. Please use RENDERER.
1713807151806	Marionette	INFO	Stopped listening on port 62101
JavaScript warning: https://a.pub.network/core/pubfig/5.46.0/pubfig.engine.js, line 1: Script terminated by timeout at:
Ne@https://a.pub.network/core/pubfig/5.46.0/pubfig.engine.js:1:18984

JavaScript warning: https://contextual.media.net/checksync.php?vsSync=1&cs=8&cv=31&https=1&cid=8CUJ8GUQF&prvid=233%2C157%2C2027%2C159%2C2026%2C236%2C357%2C237%2C556%2C117%2C359%2C97%2C55%2C99%2C56%2C59%2C3012%2C3010%2C201%2C246%2C4%2C521%2C126%2C203%2C446%2C326%2C404%2C9%2C2099%2C173%2C294%2C251%2C175%2C450%2C3017%2C214%2C3016%2C337%2C338%2C459%2C339%2C77%2C38%2C261%2C262%2C461%2C584%2C222%2C542%2C345%2C226%2C468%2C10000%2C80%2C108%2C229%2C109%2C307%2C82&itype=PREBID&purpose1=1&gdprconsent=1&gdpr=0&coppa=0&usp_status=0&usp_consent=1, line 3: Script terminated by timeout at:
s/this.getAllConfig@https://contextual.media.net/checksync.php?vsSync=1&cs=8&cv=31&https=1&cid=8CUJ8GUQF&prvid=233%2C157%2C2027%2C159%2C2026%2C236%2C357%2C237%2C556%2C117%2C359%2C97%2C55%2C99%2C56%2C59%2C3012%2C3010%2C201%2C246%2C4%2C521%2C126%2C203%2C446%2C326%2C404%2C9%2C2099%2C173%2C294%2C251%2C175%2C450%2C3017%2C214%2C3016%2C337%2C338%2C459%2C339%2C77%2C38%2C261%2C262%2C461%2C584%2C222%2C542%2C345%2C226%2C468%2C10000%2C80%2C108%2C229%2C109%2C307%2C82&itype=PREBID&purpose1=1&gdprconsent=1&gdpr=0&coppa=0&usp_status=0&usp_consent=1:3:20948
s/this.markCookiesSet@https://contextual.media.net/checksync.php?vsSync=1&cs=8&cv=31&https=1&cid=8CUJ8GUQF&prvid=233%2C157%2C2027%2C159%2C2026%2C236%2C357%2C237%2C556%2C117%2C359%2C97%2C55%2C99%2C56%2C59%2C3012%2C3010%2C201%2C246%2C4%2C521%2C126%2C203%2C446%2C326%2C404%2C9%2C2099%2C173%2C294%2C251%2C175%2C450%2C3017%2C214%2C3016%2C337%2C338%2C459%2C339%2C77%2C38%2C261%2C262%2C461%2C584%2C222%2C542%2C345%2C226%2C468%2C10000%2C80%2C108%2C229%2C109%2C307%2C82&itype=PREBID&purpose1=1&gdprconsent=1&gdpr=0&coppa=0&usp_status=0&usp_consent=1:3:21191
t/l<@https://contextual.media.net/checksync.php?vsSync=1&cs=8&cv=31&https=1&cid=8CUJ8GUQF&prvid=233%2C157%2C2027%2C159%2C2026%2C236%2C357%2C237%2C556%2C117%2C359%2C97%2C55%2C99%2C56%2C59%2C3012%2C3010%2C201%2C246%2C4%2C521%2C126%2C203%2C446%2C326%2C404%2C9%2C2099%2C173%2C294%2C251%2C175%2C450%2C3017%2C214%2C3016%2C337%2C338%2C459%2C339%2C77%2C38%2C261%2C262%2C461%2C584%2C222%2C542%2C345%2C226%2C468%2C10000%2C80%2C108%2C229%2C109%2C307%2C82&itype=PREBID&purpose1=1&gdprconsent=1&gdpr=0&coppa=0&usp_status=0&usp_consent=1:3:19911

