1713801156617	geckodriver	INFO	Listening on 127.0.0.1:62574
1713801157124	mozrunner::runner	INFO	Running command: MOZ_CRASHREPORTER="1" MOZ_CRASHREPORTER_NO_REPORT="1" MOZ_CRASHREPORTER_SHUTDOWN="1" MOZ_NO_REMOTE="1" "/App ... s" "localhost" "-foreground" "-no-remote" "-profile" "/var/folders/6p/46zpmrn90dv7gnw6wt9jt4z80000gn/T/rust_mozprofile7c1LXV"
console.warn: services.settings: Ignoring preference override of remote settings server
console.warn: services.settings: Allow by setting MOZ_REMOTE_SETTINGS_DEVTOOLS=1 in the environment
1713801157916	Marionette	INFO	Marionette enabled
console.error: "Warning: unrecognized command line flag" "-remote-allow-hosts"
1713801158602	Marionette	INFO	Listening on port 62596
Read port: 62596
WebDriver BiDi listening on ws://127.0.0.1:62575
1713801159179	RemoteAgent	WARN	TLS certificate errors will be ignored for this session
DevTools listening on ws://127.0.0.1:62575/devtools/browser/5cb7644a-7101-4ab4-8805-096035c532f4
1713801177492	Marionette	WARN	Ignoring event 'pageshow' because document has an invalid readyState of 'uninitialized'.
1713801187989	addons.xpi	ERROR	System addon update list error SyntaxError: XMLHttpRequest.open: 'http://%(server)s/dummy-system-addons.xml' is not a valid URL.
1713801250066	Marionette	WARN	Ignoring event 'pageshow' because document has an invalid readyState of 'uninitialized'.
1713801265854	Marionette	WARN	Ignoring event 'pageshow' because document has an invalid readyState of 'uninitialized'.
console.warn: LoginRecipes: "Falling back to a synchronous message for: https://www.aljazeera.com."
JavaScript error: , line 0: TypeError: NetworkError when attempting to fetch resource.
JavaScript warning: https://pagead2.googlesyndication.com/bg/tXhR5WxKMkfxhPR3Ieicu84_GDeFDNUHyibK8QhzoCs.js line 2 > eval line 2235 > eval line 1 > eval line 1 > eval, line 1: WEBGL_debug_renderer_info is deprecated in Firefox and will be removed. Please use RENDERER.
JavaScript warning: https://www.aljazeera.com/static/js/react~main~03cc5dce.169cb8f0.chunk.js, line 2: Script terminated by timeout at:
Rt@https://www.aljazeera.com/static/js/react~main~03cc5dce.169cb8f0.chunk.js:2:20711
n@https://www.aljazeera.com/static/js/react~main~03cc5dce.169cb8f0.chunk.js:2:22236
n@https://www.aljazeera.com/static/js/react~main~03cc5dce.169cb8f0.chunk.js:2:22236
Lt@https://www.aljazeera.com/static/js/react~main~03cc5dce.169cb8f0.chunk.js:2:21047
extractEvents@https://www.aljazeera.com/static/js/react~main~03cc5dce.169cb8f0.chunk.js:2:28602
En@https://www.aljazeera.com/static/js/react~main~03cc5dce.169cb8f0.chunk.js:2:29171
ce@https://www.aljazeera.com/static/js/react~main~03cc5dce.169cb8f0.chunk.js:2:115252
Nn@https://www.aljazeera.com/static/js/react~main~03cc5dce.169cb8f0.chunk.js:2:29826
zn@https://www.aljazeera.com/static/js/react~main~03cc5dce.169cb8f0.chunk.js:2:30783
Fn@https://www.aljazeera.com/static/js/react~main~03cc5dce.169cb8f0.chunk.js:2:30071
F+jy/t.unstable_runWithPriority@https://www.aljazeera.com/static/js/react~main~03cc5dce.169cb8f0.chunk.js:2:127240
Pn@https://www.aljazeera.com/static/js/react~main~03cc5dce.169cb8f0.chunk.js:2:29547

1713863602883	Marionette	INFO	Stopped listening on port 62596
