1713774590187	geckodriver	INFO	Listening on 127.0.0.1:51620
1713774590699	mozrunner::runner	INFO	Running command: MOZ_CRASHREPORTER="1" MOZ_CRASHREPORTER_NO_REPORT="1" MOZ_CRASHREPORTER_SHUTDOWN="1" MOZ_NO_REMOTE="1" "/App ... s" "localhost" "-foreground" "-no-remote" "-profile" "/var/folders/6p/46zpmrn90dv7gnw6wt9jt4z80000gn/T/rust_mozprofile6QDRwW"
console.warn: services.settings: Ignoring preference override of remote settings server
console.warn: services.settings: Allow by setting MOZ_REMOTE_SETTINGS_DEVTOOLS=1 in the environment
1713774591381	Marionette	INFO	Marionette enabled
console.error: "Warning: unrecognized command line flag" "-remote-allow-hosts"
1713774592098	Marionette	INFO	Listening on port 51640
Read port: 51640
WebDriver BiDi listening on ws://127.0.0.1:51621
1713774592533	RemoteAgent	WARN	TLS certificate errors will be ignored for this session
DevTools listening on ws://127.0.0.1:51621/devtools/browser/e19a57b1-ef76-453f-93e8-17a1bf07b976
1713774610104	Marionette	WARN	Ignoring event 'pageshow' because document has an invalid readyState of 'uninitialized'.
1713774612252	Marionette	WARN	Ignoring event 'pageshow' because document has an invalid readyState of 'uninitialized'.
1713774613024	Marionette	WARN	Ignoring event 'pageshow' because document has an invalid readyState of 'uninitialized'.
JavaScript error: https://assets.a-mo.net/js/cframe.js#gdpr=0&gdpr_consent=&cc=ZM, line 1: SecurityError: Permission denied to access property "localStorage" on cross-origin object
JavaScript error: https://assets.a-mo.net/js/cframe.js#gdpr=0&gdpr_consent=&cc=ZM, line 1: SecurityError: Permission denied to access property "localStorage" on cross-origin object
JavaScript error: https://assets.a-mo.net/js/cframe.js#gdpr=0&gdpr_consent=&cc=ZM, line 1: SecurityError: Permission denied to access property "localStorage" on cross-origin object
1713774613793	Marionette	WARN	Ignoring event 'pageshow' because document has an invalid readyState of 'uninitialized'.
1713774621399	addons.xpi	ERROR	System addon update list error SyntaxError: XMLHttpRequest.open: 'http://%(server)s/dummy-system-addons.xml' is not a valid URL.
console.warn: LoginRecipes: "Falling back to a synchronous message for: https://www.aljazeera.com."
JavaScript error: , line 0: TypeError: NetworkError when attempting to fetch resource.
JavaScript warning: https://pagead2.googlesyndication.com/bg/tXhR5WxKMkfxhPR3Ieicu84_GDeFDNUHyibK8QhzoCs.js line 2 > eval line 3664 > eval line 1 > eval line 1 > eval, line 1: WEBGL_debug_renderer_info is deprecated in Firefox and will be removed. Please use RENDERER.
1713774649330	Marionette	INFO	Stopped listening on port 51640
JavaScript warning: https://www.gstatic.com/recaptcha/releases/rz4DvU-cY2JYCwHSTck0_qm-/recaptcha__en.js, line 1020: Script terminated by timeout at:
@https://www.gstatic.com/recaptcha/releases/rz4DvU-cY2JYCwHSTck0_qm-/recaptcha__en.js:1020:471

