1713776656142	geckodriver	INFO	Listening on 127.0.0.1:62260
1713776656657	mozrunner::runner	INFO	Running command: MOZ_CRASHREPORTER="1" MOZ_CRASHREPORTER_NO_REPORT="1" MOZ_CRASHREPORTER_SHUTDOWN="1" MOZ_NO_REMOTE="1" "/App ... s" "localhost" "-foreground" "-no-remote" "-profile" "/var/folders/6p/46zpmrn90dv7gnw6wt9jt4z80000gn/T/rust_mozprofile2i3RPk"
console.warn: services.settings: Ignoring preference override of remote settings server
console.warn: services.settings: Allow by setting MOZ_REMOTE_SETTINGS_DEVTOOLS=1 in the environment
1713776657242	Marionette	INFO	Marionette enabled
console.error: "Warning: unrecognized command line flag" "-remote-allow-hosts"
1713776657835	Marionette	INFO	Listening on port 62278
Read port: 62278
WebDriver BiDi listening on ws://127.0.0.1:62261
1713776658095	RemoteAgent	WARN	TLS certificate errors will be ignored for this session
DevTools listening on ws://127.0.0.1:62261/devtools/browser/5059f934-40ef-4271-aad8-7e4197b4968d
1713776678202	Marionette	WARN	Ignoring event 'pageshow' because document has an invalid readyState of 'uninitialized'.
1713776687401	addons.xpi	ERROR	System addon update list error SyntaxError: XMLHttpRequest.open: 'http://%(server)s/dummy-system-addons.xml' is not a valid URL.
1713776750680	Marionette	WARN	Ignoring event 'pageshow' because document has an invalid readyState of 'uninitialized'.
1713776753116	Marionette	WARN	Ignoring event 'pageshow' because document has an invalid readyState of 'uninitialized'.
1713776765836	Marionette	WARN	Ignoring event 'pageshow' because document has an invalid readyState of 'uninitialized'.
1713776765839	Marionette	WARN	Ignoring event 'pageshow' because document has an invalid readyState of 'uninitialized'.
1713776768939	Marionette	WARN	Ignoring event 'pageshow' because document has an invalid readyState of 'uninitialized'.
1713776768940	Marionette	WARN	Ignoring event 'pageshow' because document has an invalid readyState of 'uninitialized'.
console.warn: LoginRecipes: "Falling back to a synchronous message for: https://www.aljazeera.com."
JavaScript error: , line 0: TypeError: NetworkError when attempting to fetch resource.
JavaScript warning: https://pagead2.googlesyndication.com/bg/tXhR5WxKMkfxhPR3Ieicu84_GDeFDNUHyibK8QhzoCs.js line 2 > eval line 7264 > eval line 1 > eval line 1 > eval, line 1: WEBGL_debug_renderer_info is deprecated in Firefox and will be removed. Please use RENDERER.
1713776877660	Marionette	INFO	Stopped listening on port 62278
JavaScript warning: https://www.gstatic.com/recaptcha/releases/rz4DvU-cY2JYCwHSTck0_qm-/recaptcha__en.js, line 365: Script terminated by timeout at:
d<@https://www.gstatic.com/recaptcha/releases/rz4DvU-cY2JYCwHSTck0_qm-/recaptcha__en.js:365:186
@https://www.gstatic.com/recaptcha/releases/rz4DvU-cY2JYCwHSTck0_qm-/recaptcha__en.js:1020:337

