1713802495741	geckodriver	INFO	Listening on 127.0.0.1:54073
1713802496253	mozrunner::runner	INFO	Running command: MOZ_CRASHREPORTER="1" MOZ_CRASHREPORTER_NO_REPORT="1" MOZ_CRASHREPORTER_SHUTDOWN="1" MOZ_NO_REMOTE="1" "/App ... s" "localhost" "-foreground" "-no-remote" "-profile" "/var/folders/6p/46zpmrn90dv7gnw6wt9jt4z80000gn/T/rust_mozprofileiH4nuR"
console.warn: services.settings: Ignoring preference override of remote settings server
console.warn: services.settings: Allow by setting MOZ_REMOTE_SETTINGS_DEVTOOLS=1 in the environment
1713802497048	Marionette	INFO	Marionette enabled
console.error: "Warning: unrecognized command line flag" "-remote-allow-hosts"
1713802498128	Marionette	INFO	Listening on port 54098
Read port: 54098
WebDriver BiDi listening on ws://127.0.0.1:54074
1713802498925	RemoteAgent	WARN	TLS certificate errors will be ignored for this session
DevTools listening on ws://127.0.0.1:54074/devtools/browser/c686021b-53ef-4d3d-881b-42dbfd4e726f
1713802515508	Marionette	WARN	Ignoring event 'pageshow' because document has an invalid readyState of 'uninitialized'.
1713802515622	Marionette	WARN	Ignoring event 'pageshow' because document has an invalid readyState of 'uninitialized'.
1713802517056	Marionette	WARN	Ignoring event 'pageshow' because document has an invalid readyState of 'uninitialized'.
1713802527415	addons.xpi	ERROR	System addon update list error SyntaxError: XMLHttpRequest.open: 'http://%(server)s/dummy-system-addons.xml' is not a valid URL.
1713802590587	Marionette	WARN	Ignoring event 'pageshow' because document has an invalid readyState of 'uninitialized'.
1713802606430	Marionette	WARN	Ignoring event 'pageshow' because document has an invalid readyState of 'uninitialized'.
console.warn: LoginRecipes: "Falling back to a synchronous message for: https://www.aljazeera.com."
JavaScript error: , line 0: TypeError: NetworkError when attempting to fetch resource.
JavaScript warning: https://pagead2.googlesyndication.com/bg/tXhR5WxKMkfxhPR3Ieicu84_GDeFDNUHyibK8QhzoCs.js line 2 > eval line 601 > eval line 1 > eval line 1 > eval, line 1: WEBGL_debug_renderer_info is deprecated in Firefox and will be removed. Please use RENDERER.
1713802628267	Marionette	INFO	Stopped listening on port 54098
JavaScript warning: https://www.gstatic.com/recaptcha/releases/QoukH5jSO3sKFzVEA7Vc8VgC/recaptcha__en.js, line 237: Script terminated by timeout at:
h<@https://www.gstatic.com/recaptcha/releases/QoukH5jSO3sKFzVEA7Vc8VgC/recaptcha__en.js:237:144
@https://www.gstatic.com/recaptcha/releases/QoukH5jSO3sKFzVEA7Vc8VgC/recaptcha__en.js:1192:309
@https://www.gstatic.com/recaptcha/releases/QoukH5jSO3sKFzVEA7Vc8VgC/recaptcha__en.js:1193:388
U<@https://www.gstatic.com/recaptcha/releases/QoukH5jSO3sKFzVEA7Vc8VgC/recaptcha__en.js:628:498
GN@https://www.gstatic.com/recaptcha/releases/QoukH5jSO3sKFzVEA7Vc8VgC/recaptcha__en.js:869:30
@https://www.gstatic.com/recaptcha/releases/QoukH5jSO3sKFzVEA7Vc8VgC/recaptcha__en.js:1189:184
yR.prototype.Aj@https://www.gstatic.com/recaptcha/releases/QoukH5jSO3sKFzVEA7Vc8VgC/recaptcha__en.js:1185:19

JavaScript warning: https://www.gstatic.com/recaptcha/releases/QoukH5jSO3sKFzVEA7Vc8VgC/recaptcha__en.js, line 473: Script terminated by timeout at:
p@https://www.gstatic.com/recaptcha/releases/QoukH5jSO3sKFzVEA7Vc8VgC/recaptcha__en.js:473:193

