1713560974233	geckodriver	INFO	Listening on 127.0.0.1:54985
1713560974744	mozrunner::runner	INFO	Running command: MOZ_CRASHREPORTER="1" MOZ_CRASHREPORTER_NO_REPORT="1" MOZ_CRASHREPORTER_SHUTDOWN="1" MOZ_NO_REMOTE="1" "/App ... s" "localhost" "-foreground" "-no-remote" "-profile" "/var/folders/6p/46zpmrn90dv7gnw6wt9jt4z80000gn/T/rust_mozprofileHTYBz8"
console.warn: services.settings: Ignoring preference override of remote settings server
console.warn: services.settings: Allow by setting MOZ_REMOTE_SETTINGS_DEVTOOLS=1 in the environment
1713560975179	Marionette	INFO	Marionette enabled
console.error: "Warning: unrecognized command line flag" "-remote-allow-hosts"
1713560975624	Marionette	INFO	Listening on port 55001
Read port: 55001
WebDriver BiDi listening on ws://127.0.0.1:54986
1713560975828	RemoteAgent	WARN	TLS certificate errors will be ignored for this session
DevTools listening on ws://127.0.0.1:54986/devtools/browser/62d0ccab-2156-409f-99e5-74ea3a804a6e
1713560993183	Marionette	WARN	Ignoring event 'pageshow' because document has an invalid readyState of 'uninitialized'.
JavaScript error: https://vid.vidoomy.com/sync?gdpr=&gdpr_consent=&us_privacy={{US_PRIVACY}}&redirect=https%3A%2F%2Fssp.api.tappx.com%2Fcs%2Fusync%3Fidmn%3D380%26type%3Diframe%26id%3D%7B%7BVID%7D%7D%26auxuid%3D, line 4: TypeError: (destructured parameter) is undefined
1713560995209	Marionette	WARN	Ignoring event 'pageshow' because document has an invalid readyState of 'uninitialized'.
JavaScript error: https://assets.a-mo.net/js/cframe.js#gdpr=0&gdpr_consent=&cc=ZM, line 1: SecurityError: Permission denied to access property "localStorage" on cross-origin object
JavaScript error: https://assets.a-mo.net/js/cframe.js#gdpr=0&gdpr_consent=&cc=ZM, line 1: SecurityError: Permission denied to access property "localStorage" on cross-origin object
JavaScript error: https://assets.a-mo.net/js/cframe.js#gdpr=0&gdpr_consent=&cc=ZM, line 1: SecurityError: Permission denied to access property "localStorage" on cross-origin object
1713561001294	Marionette	WARN	Ignoring event 'pageshow' because document has an invalid readyState of 'uninitialized'.
1713561005202	addons.xpi	ERROR	System addon update list error SyntaxError: XMLHttpRequest.open: 'http://%(server)s/dummy-system-addons.xml' is not a valid URL.
console.warn: LoginRecipes: "Falling back to a synchronous message for: https://www.aljazeera.com."
JavaScript error: , line 0: TypeError: NetworkError when attempting to fetch resource.
JavaScript error: , line 0: TypeError: NetworkError when attempting to fetch resource.
1713561034735	Marionette	WARN	Ignoring event 'pageshow' because document has an invalid readyState of 'uninitialized'.
1713561035425	Marionette	WARN	Ignoring event 'pageshow' because document has an invalid readyState of 'uninitialized'.
JavaScript warning: https://pagead2.googlesyndication.com/bg/tXhR5WxKMkfxhPR3Ieicu84_GDeFDNUHyibK8QhzoCs.js line 2 > eval line 5527 > eval line 1 > eval line 1 > eval, line 1: WEBGL_debug_renderer_info is deprecated in Firefox and will be removed. Please use RENDERER.
1713561443627	Marionette	INFO	Stopped listening on port 55001
