1713548236107	geckodriver	INFO	Listening on 127.0.0.1:63114
1713548236621	mozrunner::runner	INFO	Running command: MOZ_CRASHREPORTER="1" MOZ_CRASHREPORTER_NO_REPORT="1" MOZ_CRASHREPORTER_SHUTDOWN="1" MOZ_NO_REMOTE="1" "/App ... s" "localhost" "-foreground" "-no-remote" "-profile" "/var/folders/6p/46zpmrn90dv7gnw6wt9jt4z80000gn/T/rust_mozprofileoKGR1k"
console.warn: services.settings: Ignoring preference override of remote settings server
console.warn: services.settings: Allow by setting MOZ_REMOTE_SETTINGS_DEVTOOLS=1 in the environment
1713548237222	Marionette	INFO	Marionette enabled
console.error: "Warning: unrecognized command line flag" "-remote-allow-hosts"
1713548237712	Marionette	INFO	Listening on port 63134
Read port: 63134
WebDriver BiDi listening on ws://127.0.0.1:63115
1713548238100	RemoteAgent	WARN	TLS certificate errors will be ignored for this session
DevTools listening on ws://127.0.0.1:63115/devtools/browser/78eb0292-a8c1-491d-8c85-ef77022b2a45
1713548254621	Marionette	WARN	Ignoring event 'pageshow' because document has an invalid readyState of 'uninitialized'.
1713548254627	Marionette	WARN	Ignoring event 'pageshow' because document has an invalid readyState of 'uninitialized'.
1713548268032	addons.xpi	ERROR	System addon update list error SyntaxError: XMLHttpRequest.open: 'http://%(server)s/dummy-system-addons.xml' is not a valid URL.
1713548327720	Marionette	WARN	Ignoring event 'pageshow' because document has an invalid readyState of 'uninitialized'.
1713548342820	Marionette	WARN	Ignoring event 'pageshow' because document has an invalid readyState of 'uninitialized'.
JavaScript warning: https://pagead2.googlesyndication.com/bg/tXhR5WxKMkfxhPR3Ieicu84_GDeFDNUHyibK8QhzoCs.js line 2 > eval line 6920 > eval line 1 > eval line 1 > eval, line 1: WEBGL_debug_renderer_info is deprecated in Firefox and will be removed. Please use RENDERER.
JavaScript error: resource:///modules/sessionstore/SessionStore.sys.mjs, line 3773: TypeError: this._windows[aWindow.__SSi] is undefined
JavaScript warning: https://ads.pubmatic.com/AdServer/js/user_sync.html?p=137711&s=137812&predirect=https%3A%2F%2Fce.lijit.com%2Fmerge%3Fpid%3D58%263pid%3D&gdpr=0&gdpr_consent=, line 1: Script terminated by timeout at:
q@https://ads.pubmatic.com/AdServer/js/user_sync.html?p=137711&s=137812&predirect=https%3A%2F%2Fce.lijit.com%2Fmerge%3Fpid%3D58%263pid%3D&gdpr=0&gdpr_consent=:1:9870
J@https://ads.pubmatic.com/AdServer/js/user_sync.html?p=137711&s=137812&predirect=https%3A%2F%2Fce.lijit.com%2Fmerge%3Fpid%3D58%263pid%3D&gdpr=0&gdpr_consent=:1:14168
x@https://ads.pubmatic.com/AdServer/js/user_sync.html?p=137711&s=137812&predirect=https%3A%2F%2Fce.lijit.com%2Fmerge%3Fpid%3D58%263pid%3D&gdpr=0&gdpr_consent=:1:11098

JavaScript error: , line 0: TypeError: NetworkError when attempting to fetch resource.
JavaScript error: , line 0: TypeError: NetworkError when attempting to fetch resource.
1713548395477	Marionette	INFO	Stopped listening on port 63134
console.warn: TopSitesFeed: Failed to fetch data from Contile server: NetworkError when attempting to fetch resource.
console.error: "Failed to fetch https://spocs.getpocket.com/user:" "NetworkError when attempting to fetch resource."
